TIME     : 2016-06-23 23:35:29
FILE     : WorkThread.cpp
FUNCTION : CWorkThread::start
LINENUM  : 68
DETAIL   : WorkThread ID : 2728


TIME     : 2016-06-23 23:35:29
FILE     : WorkThread.cpp
FUNCTION : CWorkThread::start
LINENUM  : 68
DETAIL   : WorkThread ID : 5268


TIME     : 2016-06-23 23:35:29
FILE     : WorkThread.cpp
FUNCTION : CWorkThread::start
LINENUM  : 68
DETAIL   : WorkThread ID : 5228


TIME     : 2016-06-23 23:35:29
FILE     : WorkThread.cpp
FUNCTION : CWorkThread::start
LINENUM  : 68
DETAIL   : WorkThread ID : 4332


TIME     : 2016-06-23 23:35:29
FILE     : VBoxApi.cpp
FUNCTION : VB_RemoveSharedFolder
LINENUM  : 1351
DETAIL   : ErrorCode is "108". Detail : VB_ERR_REMOVE_SHAREDFOLDER_FAIL

TIME     : 2016-06-23 23:35:29
FILE     : VBoxApi.cpp
FUNCTION : VB_RemoveSharedFolder
LINENUM  : 1351
DETAIL   : ErrorCode is "108". Detail : VB_ERR_REMOVE_SHAREDFOLDER_FAIL

TIME     : 2016-06-23 23:35:29
FILE     : VBoxApi.cpp
FUNCTION : VB_RemoveSharedFolder
LINENUM  : 1351
DETAIL   : ErrorCode is "108". Detail : VB_ERR_REMOVE_SHAREDFOLDER_FAIL

